This file contains any messages produced by compilers while
running configure, to aid debugging if configure makes a mistake.

It was created by weplab configure 0.1.5, which was
generated by GNU Autoconf 2.69.  Invocation command line was

  $ ./configure --no-create --no-recursion

## --------- ##
## Platform. ##
## --------- ##

hostname = jan-HP-ENVY-17-Notebook-PC
uname -m = x86_64
uname -r = 4.20.0-042000rc6-generic
uname -s = Linux
uname -v = #201812091930 SMP Mon Dec 10 00:32:56 UTC 2018

/usr/bin/uname -p = unknown
/bin/uname -X     = unknown

/bin/arch              = unknown
/usr/bin/arch -k       = unknown
/usr/convex/getsysinfo = unknown
/usr/bin/hostinfo      = unknown
/bin/machine           = unknown
/usr/bin/oslevel       = unknown
/bin/universe          = unknown

PATH: /home/jan/.linuxbrew/sbin
PATH: /home/jan/.linuxbrew/bin
PATH: /home/jan/perl5/bin
PATH: /usr/local/sbin
PATH: /usr/local/bin
PATH: /usr/sbin
PATH: /usr/bin
PATH: /sbin
PATH: /bin
PATH: /usr/games
PATH: /usr/local/games
PATH: /snap/bin
PATH: /usr/lib/jvm/java-8-oracle/bin
PATH: /usr/lib/jvm/java-8-oracle/db/bin
PATH: /usr/lib/jvm/java-8-oracle/jre/bin
PATH: /opt/microchip/xc8/v1.44/bin
PATH: /opt/microchip/xc8/v1.44/bin


## ----------- ##
## Core tests. ##
## ----------- ##

configure:2104: checking for a BSD-compatible install
configure:2172: result: /usr/bin/install -c
configure:2183: checking whether build environment is sane
configure:2220: result: yes
configure:2232: checking whether make sets $(MAKE)
configure:2254: result: yes
configure:2284: checking for working aclocal-1.4
configure:2295: result: missing
configure:2299: checking for working autoconf
configure:2306: result: found
configure:2314: checking for working automake-1.4
configure:2325: result: missing
configure:2329: checking for working autoheader
configure:2336: result: found
configure:2344: checking for working makeinfo
configure:2355: result: missing
configure:2408: checking for gcc
configure:2424: found /usr/bin/gcc
configure:2435: result: gcc
configure:2664: checking for C compiler version
configure:2673: gcc --version >&5
gcc (Ubuntu 8.2.0-7ubuntu1) 8.2.0
Copyright (C) 2018 Free Software Foundation, Inc.
This is free software; see the source for copying conditions.  There is NO
warranty; not even for MERCHANTABILITY or FITNESS FOR A PARTICULAR PURPOSE.

configure:2684: $? = 0
configure:2673: gcc -v >&5
Using built-in specs.
COLLECT_GCC=gcc
COLLECT_LTO_WRAPPER=/usr/lib/gcc/x86_64-linux-gnu/8/lto-wrapper
OFFLOAD_TARGET_NAMES=nvptx-none
OFFLOAD_TARGET_DEFAULT=1
Target: x86_64-linux-gnu
Configured with: ../src/configure -v --with-pkgversion='Ubuntu 8.2.0-7ubuntu1' --with-bugurl=file:///usr/share/doc/gcc-8/README.Bugs --enable-languages=c,ada,c++,go,brig,d,fortran,objc,obj-c++ --prefix=/usr --with-gcc-major-version-only --program-suffix=-8 --program-prefix=x86_64-linux-gnu- --enable-shared --enable-linker-build-id --libexecdir=/usr/lib --without-included-gettext --enable-threads=posix --libdir=/usr/lib --enable-nls --with-sysroot=/ --enable-clocale=gnu --enable-libstdcxx-debug --enable-libstdcxx-time=yes --with-default-libstdcxx-abi=new --enable-gnu-unique-object --disable-vtable-verify --enable-libmpx --enable-plugin --enable-default-pie --with-system-zlib --with-target-system-zlib --enable-objc-gc=auto --enable-multiarch --disable-werror --with-arch-32=i686 --with-abi=m64 --with-multilib-list=m32,m64,mx32 --enable-multilib --with-tune=generic --enable-offload-targets=nvptx-none --without-cuda-driver --enable-checking=release --build=x86_64-linux-gnu --host=x86_64-linux-gnu --target=x86_64-linux-gnu
Thread model: posix
gcc version 8.2.0 (Ubuntu 8.2.0-7ubuntu1) 
configure:2684: $? = 0
configure:2673: gcc -V >&5
gcc: error: unrecognized command line option '-V'
gcc: fatal error: no input files
compilation terminated.
configure:2684: $? = 1
configure:2673: gcc -qversion >&5
gcc: error: unrecognized command line option '-qversion'; did you mean '--version'?
gcc: fatal error: no input files
compilation terminated.
configure:2684: $? = 1
configure:2704: checking whether the C compiler works
configure:2726: gcc    conftest.c  >&5
configure:2730: $? = 0
configure:2778: result: yes
configure:2781: checking for C compiler default output file name
configure:2783: result: a.out
configure:2789: checking for suffix of executables
configure:2796: gcc -o conftest    conftest.c  >&5
configure:2800: $? = 0
configure:2822: result: 
configure:2844: checking whether we are cross compiling
configure:2852: gcc -o conftest    conftest.c  >&5
configure:2856: $? = 0
configure:2863: ./conftest
configure:2867: $? = 0
configure:2882: result: no
configure:2887: checking for suffix of object files
configure:2909: gcc -c   conftest.c >&5
configure:2913: $? = 0
configure:2934: result: o
configure:2938: checking whether we are using the GNU C compiler
configure:2957: gcc -c   conftest.c >&5
configure:2957: $? = 0
configure:2966: result: yes
configure:2975: checking whether gcc accepts -g
configure:2995: gcc -c -g  conftest.c >&5
configure:2995: $? = 0
configure:3036: result: yes
configure:3053: checking for gcc option to accept ISO C89
configure:3116: gcc  -c -g -O2  conftest.c >&5
configure:3116: $? = 0
configure:3129: result: none needed
configure:3157: checking how to run the C preprocessor
configure:3188: gcc -E  conftest.c
configure:3188: $? = 0
configure:3202: gcc -E  conftest.c
conftest.c:11:10: fatal error: ac_nonexistent.h: No such file or directory
 #include <ac_nonexistent.h>
          ^~~~~~~~~~~~~~~~~~
compilation terminated.
configure:3202: $? = 1
configure: failed program was:
| /* confdefs.h */
| #define PACKAGE_NAME "weplab"
| #define PACKAGE_TARNAME "weplab"
| #define PACKAGE_VERSION "0.1.5"
| #define PACKAGE_STRING "weplab 0.1.5"
| #define PACKAGE_BUGREPORT "TopoLB - Jose Ignacio Sanchez <topolb@users.sourceforge.net>"
| #define PACKAGE_URL ""
| #define PACKAGE ""
| #define VERSION ""
| /* end confdefs.h.  */
| #include <ac_nonexistent.h>
configure:3227: result: gcc -E
configure:3247: gcc -E  conftest.c
configure:3247: $? = 0
configure:3261: gcc -E  conftest.c
conftest.c:11:10: fatal error: ac_nonexistent.h: No such file or directory
 #include <ac_nonexistent.h>
          ^~~~~~~~~~~~~~~~~~
compilation terminated.
configure:3261: $? = 1
configure: failed program was:
| /* confdefs.h */
| #define PACKAGE_NAME "weplab"
| #define PACKAGE_TARNAME "weplab"
| #define PACKAGE_VERSION "0.1.5"
| #define PACKAGE_STRING "weplab 0.1.5"
| #define PACKAGE_BUGREPORT "TopoLB - Jose Ignacio Sanchez <topolb@users.sourceforge.net>"
| #define PACKAGE_URL ""
| #define PACKAGE ""
| #define VERSION ""
| /* end confdefs.h.  */
| #include <ac_nonexistent.h>
configure:3290: checking for grep that handles long lines and -e
configure:3348: result: /bin/grep
configure:3353: checking for egrep
configure:3415: result: /bin/grep -E
configure:3420: checking for ANSI C header files
configure:3440: gcc -c -g -O2  conftest.c >&5
configure:3440: $? = 0
configure:3513: gcc -o conftest -g -O2   conftest.c  >&5
configure:3513: $? = 0
configure:3513: ./conftest
configure:3513: $? = 0
configure:3524: result: yes
configure:3537: checking for sys/types.h
configure:3537: gcc -c -g -O2  conftest.c >&5
configure:3537: $? = 0
configure:3537: result: yes
configure:3537: checking for sys/stat.h
configure:3537: gcc -c -g -O2  conftest.c >&5
configure:3537: $? = 0
configure:3537: result: yes
configure:3537: checking for stdlib.h
configure:3537: gcc -c -g -O2  conftest.c >&5
configure:3537: $? = 0
configure:3537: result: yes
configure:3537: checking for string.h
configure:3537: gcc -c -g -O2  conftest.c >&5
configure:3537: $? = 0
configure:3537: result: yes
configure:3537: checking for memory.h
configure:3537: gcc -c -g -O2  conftest.c >&5
configure:3537: $? = 0
configure:3537: result: yes
configure:3537: checking for strings.h
configure:3537: gcc -c -g -O2  conftest.c >&5
configure:3537: $? = 0
configure:3537: result: yes
configure:3537: checking for inttypes.h
configure:3537: gcc -c -g -O2  conftest.c >&5
configure:3537: $? = 0
configure:3537: result: yes
configure:3537: checking for stdint.h
configure:3537: gcc -c -g -O2  conftest.c >&5
configure:3537: $? = 0
configure:3537: result: yes
configure:3537: checking for unistd.h
configure:3537: gcc -c -g -O2  conftest.c >&5
configure:3537: $? = 0
configure:3537: result: yes
configure:3552: checking pcap.h usability
configure:3552: gcc -c -g -O2  conftest.c >&5
configure:3552: $? = 0
configure:3552: result: yes
configure:3552: checking pcap.h presence
configure:3552: gcc -E  conftest.c
configure:3552: $? = 0
configure:3552: result: yes
configure:3552: checking for pcap.h
configure:3552: result: yes
configure:3552: checking for stdlib.h
configure:3552: result: yes
configure:3552: checking for string.h
configure:3552: result: yes
configure:3552: checking for unistd.h
configure:3552: result: yes
configure:3552: checking signal.h usability
configure:3552: gcc -c -g -O2  conftest.c >&5
configure:3552: $? = 0
configure:3552: result: yes
configure:3552: checking signal.h presence
configure:3552: gcc -E  conftest.c
configure:3552: $? = 0
configure:3552: result: yes
configure:3552: checking for signal.h
configure:3552: result: yes
configure:3552: checking time.h usability
configure:3552: gcc -c -g -O2  conftest.c >&5
configure:3552: $? = 0
configure:3552: result: yes
configure:3552: checking time.h presence
configure:3552: gcc -E  conftest.c
configure:3552: $? = 0
configure:3552: result: yes
configure:3552: checking for time.h
configure:3552: result: yes
configure:3552: checking netinet/in.h usability
configure:3552: gcc -c -g -O2  conftest.c >&5
configure:3552: $? = 0
configure:3552: result: yes
configure:3552: checking netinet/in.h presence
configure:3552: gcc -E  conftest.c
configure:3552: $? = 0
configure:3552: result: yes
configure:3552: checking for netinet/in.h
configure:3552: result: yes
configure:3552: checking for sys/types.h
configure:3552: result: yes
configure:3552: checking sys/wait.h usability
configure:3552: gcc -c -g -O2  conftest.c >&5
configure:3552: $? = 0
configure:3552: result: yes
configure:3552: checking sys/wait.h presence
configure:3552: gcc -E  conftest.c
configure:3552: $? = 0
configure:3552: result: yes
configure:3552: checking for sys/wait.h
configure:3552: result: yes
configure:3562: checking for ANSI C header files
configure:3666: result: yes
configure:3683: checking build system type
configure:3697: result: x86_64-unknown-linux-gnu
configure:3717: checking host system type
configure:3730: result: x86_64-unknown-linux-gnu
configure:3771: checking for pcap_open_live in -lpcap
configure:3796: gcc -o conftest -g -O2 -Wall -pipe -std=gnu89   conftest.c -lpcap   >&5
configure:3796: $? = 0
configure:3805: result: yes
configure:4022: creating ./config.status

## ---------------- ##
## Cache variables. ##
## ---------------- ##

ac_cv_build=x86_64-unknown-linux-gnu
ac_cv_c_compiler_gnu=yes
ac_cv_env_CC_set=
ac_cv_env_CC_value=
ac_cv_env_CFLAGS_set=
ac_cv_env_CFLAGS_value=
ac_cv_env_CPPFLAGS_set=
ac_cv_env_CPPFLAGS_value=
ac_cv_env_CPP_set=
ac_cv_env_CPP_value=
ac_cv_env_LDFLAGS_set=
ac_cv_env_LDFLAGS_value=
ac_cv_env_LIBS_set=
ac_cv_env_LIBS_value=
ac_cv_env_build_alias_set=
ac_cv_env_build_alias_value=
ac_cv_env_host_alias_set=
ac_cv_env_host_alias_value=
ac_cv_env_target_alias_set=
ac_cv_env_target_alias_value=
ac_cv_header_inttypes_h=yes
ac_cv_header_memory_h=yes
ac_cv_header_netinet_in_h=yes
ac_cv_header_pcap_h=yes
ac_cv_header_signal_h=yes
ac_cv_header_stdc=yes
ac_cv_header_stdint_h=yes
ac_cv_header_stdlib_h=yes
ac_cv_header_string_h=yes
ac_cv_header_strings_h=yes
ac_cv_header_sys_stat_h=yes
ac_cv_header_sys_types_h=yes
ac_cv_header_sys_wait_h=yes
ac_cv_header_time_h=yes
ac_cv_header_unistd_h=yes
ac_cv_host=x86_64-unknown-linux-gnu
ac_cv_lib_pcap_pcap_open_live=yes
ac_cv_objext=o
ac_cv_path_EGREP='/bin/grep -E'
ac_cv_path_GREP=/bin/grep
ac_cv_path_install='/usr/bin/install -c'
ac_cv_prog_CPP='gcc -E'
ac_cv_prog_ac_ct_CC=gcc
ac_cv_prog_cc_c89=
ac_cv_prog_cc_g=yes
ac_cv_prog_make_make_set=yes

## ----------------- ##
## Output variables. ##
## ----------------- ##

ACLOCAL='/home/jan/Downloads/weplab_0.1.5.orig/weplab-0.1.5/missing aclocal-1.4'
AUTOCONF='autoconf'
AUTOHEADER='autoheader'
AUTOMAKE='/home/jan/Downloads/weplab_0.1.5.orig/weplab-0.1.5/missing automake-1.4'
CC='gcc'
CFLAGS='-g -O2 -Wall -pipe -std=gnu89'
CPP='gcc -E'
CPPFLAGS=''
DEFS='-DPACKAGE_NAME=\"weplab\" -DPACKAGE_TARNAME=\"weplab\" -DPACKAGE_VERSION=\"0.1.5\" -DPACKAGE_STRING=\"weplab\ 0.1.5\" -DPACKAGE_BUGREPORT=\"TopoLB\ -\ Jose\ Ignacio\ Sanchez\ \<topolb@users.sourceforge.net\>\" -DPACKAGE_URL=\"\" -DPACKAGE=\"\" -DVERSION=\"\" -DSTDC_HEADERS=1 -DHAVE_SYS_TYPES_H=1 -DHAVE_SYS_STAT_H=1 -DHAVE_STDLIB_H=1 -DHAVE_STRING_H=1 -DHAVE_MEMORY_H=1 -DHAVE_STRINGS_H=1 -DHAVE_INTTYPES_H=1 -DHAVE_STDINT_H=1 -DHAVE_UNISTD_H=1 -DHAVE_PCAP_H=1 -DHAVE_STDLIB_H=1 -DHAVE_STRING_H=1 -DHAVE_UNISTD_H=1 -DHAVE_SIGNAL_H=1 -DHAVE_TIME_H=1 -DHAVE_NETINET_IN_H=1 -DHAVE_SYS_TYPES_H=1 -DHAVE_SYS_WAIT_H=1 -DSTDC_HEADERS=1 -DHAVE_LIBPCAP=1'
ECHO_C=''
ECHO_N='-n'
ECHO_T=''
EGREP='/bin/grep -E'
EXEEXT=''
GREP='/bin/grep'
INSTALL_DATA='${INSTALL} -m 644'
INSTALL_PROGRAM='${INSTALL}'
INSTALL_SCRIPT='${INSTALL}'
LDFLAGS=''
LIBOBJS=''
LIBS='-lpcap '
LTLIBOBJS=''
MAKEINFO='/home/jan/Downloads/weplab_0.1.5.orig/weplab-0.1.5/missing makeinfo'
OBJEXT='o'
PACKAGE=''
PACKAGE_BUGREPORT='TopoLB - Jose Ignacio Sanchez <topolb@users.sourceforge.net>'
PACKAGE_NAME='weplab'
PACKAGE_STRING='weplab 0.1.5'
PACKAGE_TARNAME='weplab'
PACKAGE_URL=''
PACKAGE_VERSION='0.1.5'
PATH_SEPARATOR=':'
SET_MAKE=''
SHELL='/bin/bash'
VERSION=''
ac_ct_CC='gcc'
bindir='${exec_prefix}/bin'
build='x86_64-unknown-linux-gnu'
build_alias=''
build_cpu='x86_64'
build_os='linux-gnu'
build_vendor='unknown'
datadir='${datarootdir}'
datarootdir='${prefix}/share'
docdir='${datarootdir}/doc/${PACKAGE_TARNAME}'
dvidir='${docdir}'
exec_prefix='${prefix}'
host='x86_64-unknown-linux-gnu'
host_alias=''
host_cpu='x86_64'
host_os='linux-gnu'
host_vendor='unknown'
htmldir='${docdir}'
includedir='${prefix}/include'
infodir='${datarootdir}/info'
libdir='${exec_prefix}/lib'
libexecdir='${exec_prefix}/libexec'
localedir='${datarootdir}/locale'
localstatedir='${prefix}/var'
mandir='${datarootdir}/man'
oldincludedir='/usr/include'
pdfdir='${docdir}'
prefix='/usr/local'
program_transform_name='s,x,x,'
psdir='${docdir}'
runstatedir='${localstatedir}/run'
sbindir='${exec_prefix}/sbin'
sharedstatedir='${prefix}/com'
sysconfdir='${prefix}/etc'
target_alias=''

## ----------- ##
## confdefs.h. ##
## ----------- ##

/* confdefs.h */
#define PACKAGE_NAME "weplab"
#define PACKAGE_TARNAME "weplab"
#define PACKAGE_VERSION "0.1.5"
#define PACKAGE_STRING "weplab 0.1.5"
#define PACKAGE_BUGREPORT "TopoLB - Jose Ignacio Sanchez <topolb@users.sourceforge.net>"
#define PACKAGE_URL ""
#define PACKAGE ""
#define VERSION ""
#define STDC_HEADERS 1
#define HAVE_SYS_TYPES_H 1
#define HAVE_SYS_STAT_H 1
#define HAVE_STDLIB_H 1
#define HAVE_STRING_H 1
#define HAVE_MEMORY_H 1
#define HAVE_STRINGS_H 1
#define HAVE_INTTYPES_H 1
#define HAVE_STDINT_H 1
#define HAVE_UNISTD_H 1
#define HAVE_PCAP_H 1
#define HAVE_STDLIB_H 1
#define HAVE_STRING_H 1
#define HAVE_UNISTD_H 1
#define HAVE_SIGNAL_H 1
#define HAVE_TIME_H 1
#define HAVE_NETINET_IN_H 1
#define HAVE_SYS_TYPES_H 1
#define HAVE_SYS_WAIT_H 1
#define STDC_HEADERS 1
#define HAVE_LIBPCAP 1

configure: exit 0

## ---------------------- ##
## Running config.status. ##
## ---------------------- ##

This file was extended by weplab config.status 0.1.5, which was
generated by GNU Autoconf 2.69.  Invocation command line was

  CONFIG_FILES    = Makefile
  CONFIG_HEADERS  = 
  CONFIG_LINKS    = 
  CONFIG_COMMANDS = 
  $ ./config.status 

on jan-HP-ENVY-17-Notebook-PC

config.status:746: creating Makefile
config.status:849: WARNING:  'Makefile.in' seems to ignore the --datarootdir setting
